2025-04-24 19:08:26.4906|INFO|MessengerServiceWS|Подключаемся к WS
2025-04-24 19:08:26.9237|INFO|Microsoft.Hosting.Lifetime|Now listening on: http://[::]:8080
2025-04-24 19:08:26.9360|INFO|Microsoft.Hosting.Lifetime|Application started. Press Ctrl+C to shut down.
2025-04-24 19:08:26.9360|INFO|Microsoft.Hosting.Lifetime|Hosting environment: Production
2025-04-24 19:08:26.9360|INFO|Microsoft.Hosting.Lifetime|Content root path: /app
2025-04-24 19:08:46.9395|INFO|MessengerServiceWS|Подключаемся к WS
2025-04-24 19:09:10.2540|INFO|MessengerServiceWS|Подключаемся к WS
2025-04-24 19:09:33.5760|INFO|MessengerServiceWS|Подключаемся к WS
2025-04-24 19:09:56.8783|INFO|MessengerServiceWS|Подключаемся к WS
2025-04-24 19:10:20.1919|INFO|MessengerServiceWS|Подключаемся к WS
2025-04-24 19:10:43.5025|INFO|MessengerServiceWS|Подключаемся к WS
2025-04-24 19:10:59.6046|INFO|Microsoft.Hosting.Lifetime|Application is shutting down...
2025-04-24 19:11:06.6886|INFO|MessengerServiceWS|Подключаемся к WS
2025-04-24 19:11:06.9100|INFO|Microsoft.Hosting.Lifetime|Now listening on: http://[::]:8080
2025-04-24 19:11:06.9210|INFO|Microsoft.Hosting.Lifetime|Application started. Press Ctrl+C to shut down.
2025-04-24 19:11:06.9210|INFO|Microsoft.Hosting.Lifetime|Hosting environment: Production
2025-04-24 19:11:06.9210|INFO|Microsoft.Hosting.Lifetime|Content root path: /app
2025-04-24 19:11:26.9238|INFO|MessengerServiceWS|Подключаемся к WS
2025-04-24 19:11:47.0786|INFO|BusinessLogic.Services.WebSocketService|Отправка сообщения
2025-04-24 19:11:47.0786|INFO|MessengerServiceWS|Получили сообщение от ws://ws_container:8080/ws/sender.
2025-04-24 19:12:07.0822|INFO|BusinessLogic.Services.WebSocketService|Отправка сообщения
2025-04-24 19:12:07.0822|INFO|MessengerServiceWS|Получили сообщение от ws://ws_container:8080/ws/sender.
2025-04-24 19:12:27.0873|INFO|BusinessLogic.Services.WebSocketService|Отправка сообщения
2025-04-24 19:12:27.0873|INFO|MessengerServiceWS|Получили сообщение от ws://ws_container:8080/ws/sender.
2025-04-24 19:12:47.0836|INFO|BusinessLogic.Services.WebSocketService|Отправка сообщения
2025-04-24 19:12:47.0836|INFO|MessengerServiceWS|Получили сообщение от ws://ws_container:8080/ws/sender.
2025-04-24 19:12:57.6110|INFO|Microsoft.Hosting.Lifetime|Application is shutting down...
2025-04-24 19:17:54.0209|INFO|MessengerServiceWS|Подключаемся к WS
2025-04-24 19:17:54.1375|INFO|Microsoft.Hosting.Lifetime|Now listening on: http://[::]:8080
2025-04-24 19:17:54.1375|INFO|Microsoft.Hosting.Lifetime|Application started. Press Ctrl+C to shut down.
2025-04-24 19:17:54.1375|INFO|Microsoft.Hosting.Lifetime|Hosting environment: Production
2025-04-24 19:17:54.1375|INFO|Microsoft.Hosting.Lifetime|Content root path: /app
2025-04-24 19:18:14.1801|INFO|BusinessLogic.Services.WebSocketService|Отправка сообщения
2025-04-24 19:18:14.1835|INFO|MessengerServiceWS|Получили сообщение от ws://ws_container:8080/ws/sender.
2025-04-24 19:18:34.1855|INFO|BusinessLogic.Services.WebSocketService|Отправка сообщения
2025-04-24 19:18:34.1855|INFO|MessengerServiceWS|Получили сообщение от ws://ws_container:8080/ws/sender.
2025-04-24 19:18:54.1940|INFO|BusinessLogic.Services.WebSocketService|Отправка сообщения
2025-04-24 19:18:54.1940|INFO|MessengerServiceWS|Получили сообщение от ws://ws_container:8080/ws/sender.
2025-04-24 19:19:14.1928|INFO|BusinessLogic.Services.WebSocketService|Отправка сообщения
2025-04-24 19:19:14.1928|INFO|MessengerServiceWS|Получили сообщение от ws://ws_container:8080/ws/sender.
2025-04-24 19:19:34.1882|INFO|BusinessLogic.Services.WebSocketService|Отправка сообщения
2025-04-24 19:19:34.1882|INFO|MessengerServiceWS|Получили сообщение от ws://ws_container:8080/ws/sender.
2025-04-24 19:19:54.1918|INFO|BusinessLogic.Services.WebSocketService|Отправка сообщения
2025-04-24 19:19:54.1918|INFO|MessengerServiceWS|Получили сообщение от ws://ws_container:8080/ws/sender.
2025-04-24 19:20:14.1978|INFO|BusinessLogic.Services.WebSocketService|Отправка сообщения
2025-04-24 19:20:14.1978|INFO|MessengerServiceWS|Получили сообщение от ws://ws_container:8080/ws/sender.
2025-04-24 19:20:34.2018|INFO|BusinessLogic.Services.WebSocketService|Отправка сообщения
2025-04-24 19:20:34.2018|INFO|MessengerServiceWS|Получили сообщение от ws://ws_container:8080/ws/sender.
2025-04-24 19:20:54.1969|INFO|BusinessLogic.Services.WebSocketService|Отправка сообщения
2025-04-24 19:20:54.1969|INFO|MessengerServiceWS|Получили сообщение от ws://ws_container:8080/ws/sender.
2025-04-24 19:21:14.1951|INFO|BusinessLogic.Services.WebSocketService|Отправка сообщения
2025-04-24 19:21:14.1951|INFO|MessengerServiceWS|Получили сообщение от ws://ws_container:8080/ws/sender.
2025-04-24 19:21:34.1964|INFO|BusinessLogic.Services.WebSocketService|Отправка сообщения
2025-04-24 19:21:34.1964|INFO|MessengerServiceWS|Получили сообщение от ws://ws_container:8080/ws/sender.
2025-04-24 19:21:54.2078|INFO|BusinessLogic.Services.WebSocketService|Отправка сообщения
2025-04-24 19:21:54.2078|INFO|MessengerServiceWS|Получили сообщение от ws://ws_container:8080/ws/sender.
2025-04-24 19:22:14.2020|INFO|BusinessLogic.Services.WebSocketService|Отправка сообщения
2025-04-24 19:22:14.2020|INFO|MessengerServiceWS|Получили сообщение от ws://ws_container:8080/ws/sender.
2025-04-24 19:22:34.2038|INFO|BusinessLogic.Services.WebSocketService|Отправка сообщения
2025-04-24 19:22:34.2038|INFO|MessengerServiceWS|Получили сообщение от ws://ws_container:8080/ws/sender.
2025-04-24 19:22:54.2077|INFO|BusinessLogic.Services.WebSocketService|Отправка сообщения
2025-04-24 19:22:54.2077|INFO|MessengerServiceWS|Получили сообщение от ws://ws_container:8080/ws/sender.
2025-04-24 19:23:14.2060|INFO|BusinessLogic.Services.WebSocketService|Отправка сообщения
2025-04-24 19:23:14.2060|INFO|MessengerServiceWS|Получили сообщение от ws://ws_container:8080/ws/sender.
2025-04-24 19:23:15.4334|INFO|Microsoft.Hosting.Lifetime|Application is shutting down...
2025-04-24 19:23:33.6202|INFO|MessengerServiceWS|Подключаемся к WS
2025-04-24 19:23:33.8498|INFO|Microsoft.Hosting.Lifetime|Now listening on: http://[::]:8080
2025-04-24 19:23:33.8498|INFO|Microsoft.Hosting.Lifetime|Application started. Press Ctrl+C to shut down.
2025-04-24 19:23:33.8498|INFO|Microsoft.Hosting.Lifetime|Hosting environment: Production
2025-04-24 19:23:33.8498|INFO|Microsoft.Hosting.Lifetime|Content root path: /app
2025-04-24 19:23:54.0821|INFO|BusinessLogic.Services.WebSocketService|Отправка сообщения
2025-04-24 19:23:54.0861|INFO|MessengerServiceWS|Получили сообщение от ws://ws_container:8080/ws/sender.
2025-04-24 19:24:14.1073|INFO|BusinessLogic.Services.WebSocketService|Отправка сообщения
2025-04-24 19:24:14.1073|INFO|MessengerServiceWS|Получили сообщение от ws://ws_container:8080/ws/sender.
2025-04-24 19:24:34.1023|INFO|BusinessLogic.Services.WebSocketService|Отправка сообщения
2025-04-24 19:24:34.1023|INFO|MessengerServiceWS|Получили сообщение от ws://ws_container:8080/ws/sender.
2025-04-24 19:24:54.0974|INFO|BusinessLogic.Services.WebSocketService|Отправка сообщения
2025-04-24 19:24:54.0974|INFO|MessengerServiceWS|Получили сообщение от ws://ws_container:8080/ws/sender.
2025-04-24 19:25:14.0938|INFO|BusinessLogic.Services.WebSocketService|Отправка сообщения
2025-04-24 19:25:14.0938|INFO|MessengerServiceWS|Получили сообщение от ws://ws_container:8080/ws/sender.
2025-04-24 19:25:34.1045|INFO|BusinessLogic.Services.WebSocketService|Отправка сообщения
2025-04-24 19:25:34.1045|INFO|MessengerServiceWS|Получили сообщение от ws://ws_container:8080/ws/sender.
2025-04-24 19:25:54.1053|INFO|BusinessLogic.Services.WebSocketService|Отправка сообщения
2025-04-24 19:25:54.1053|INFO|MessengerServiceWS|Получили сообщение от ws://ws_container:8080/ws/sender.
2025-04-24 19:26:14.1055|INFO|BusinessLogic.Services.WebSocketService|Отправка сообщения
2025-04-24 19:26:14.1055|INFO|MessengerServiceWS|Получили сообщение от ws://ws_container:8080/ws/sender.
2025-04-24 19:26:34.1127|INFO|BusinessLogic.Services.WebSocketService|Отправка сообщения
2025-04-24 19:26:34.1127|INFO|MessengerServiceWS|Получили сообщение от ws://ws_container:8080/ws/sender.
2025-04-24 19:26:54.1138|INFO|BusinessLogic.Services.WebSocketService|Отправка сообщения
2025-04-24 19:26:54.1138|INFO|MessengerServiceWS|Получили сообщение от ws://ws_container:8080/ws/sender.
2025-04-24 19:27:14.1179|INFO|BusinessLogic.Services.WebSocketService|Отправка сообщения
2025-04-24 19:27:14.1179|INFO|MessengerServiceWS|Получили сообщение от ws://ws_container:8080/ws/sender.
2025-04-24 19:27:34.1175|INFO|BusinessLogic.Services.WebSocketService|Отправка сообщения
2025-04-24 19:27:34.1175|INFO|MessengerServiceWS|Получили сообщение от ws://ws_container:8080/ws/sender.
2025-04-24 19:27:54.1149|INFO|BusinessLogic.Services.WebSocketService|Отправка сообщения
2025-04-24 19:27:54.1149|INFO|MessengerServiceWS|Получили сообщение от ws://ws_container:8080/ws/sender.
2025-04-24 19:28:14.1095|INFO|BusinessLogic.Services.WebSocketService|Отправка сообщения
2025-04-24 19:28:14.1095|INFO|MessengerServiceWS|Получили сообщение от ws://ws_container:8080/ws/sender.
2025-04-24 19:28:34.1193|INFO|BusinessLogic.Services.WebSocketService|Отправка сообщения
2025-04-24 19:28:34.1193|INFO|MessengerServiceWS|Получили сообщение от ws://ws_container:8080/ws/sender.
2025-04-24 19:28:54.1232|INFO|BusinessLogic.Services.WebSocketService|Отправка сообщения
2025-04-24 19:28:54.1232|INFO|MessengerServiceWS|Получили сообщение от ws://ws_container:8080/ws/sender.
2025-04-24 19:29:01.6120|INFO|Microsoft.Hosting.Lifetime|Application is shutting down...
2025-04-24 19:35:04.9074|INFO|MessengerServiceWS|Подключаемся к WS
2025-04-24 19:35:05.2176|INFO|Microsoft.Hosting.Lifetime|Now listening on: http://[::]:8080
2025-04-24 19:35:05.2176|INFO|Microsoft.Hosting.Lifetime|Application started. Press Ctrl+C to shut down.
2025-04-24 19:35:05.2176|INFO|Microsoft.Hosting.Lifetime|Hosting environment: Production
2025-04-24 19:35:05.2176|INFO|Microsoft.Hosting.Lifetime|Content root path: /app
2025-04-24 19:35:25.5297|INFO|BusinessLogic.Services.WebSocketService|Отправка сообщения
2025-04-24 19:35:25.5323|INFO|MessengerServiceWS|Получили сообщение от ws://ws_container:8080/ws/sender.
2025-04-24 19:35:45.5338|INFO|BusinessLogic.Services.WebSocketService|Отправка сообщения
2025-04-24 19:35:45.5338|INFO|MessengerServiceWS|Получили сообщение от ws://ws_container:8080/ws/sender.
2025-04-24 19:36:05.5387|INFO|BusinessLogic.Services.WebSocketService|Отправка сообщения
2025-04-24 19:36:05.5387|INFO|MessengerServiceWS|Получили сообщение от ws://ws_container:8080/ws/sender.
2025-04-24 19:36:25.5383|INFO|BusinessLogic.Services.WebSocketService|Отправка сообщения
2025-04-24 19:36:25.5383|INFO|MessengerServiceWS|Получили сообщение от ws://ws_container:8080/ws/sender.
2025-04-24 19:36:27.9398|INFO|Microsoft.Hosting.Lifetime|Application is shutting down...
