2025-04-24 19:11:07.2872|INFO|DatabaseService|Повторная попытка создать БД
2025-04-24 19:11:07.4023|INFO|DatabaseService|Таблица messages есть
2025-04-24 19:11:07.7501|INFO|Microsoft.Hosting.Lifetime|Now listening on: http://[::]:8080
2025-04-24 19:11:07.7501|INFO|Microsoft.Hosting.Lifetime|Application started. Press Ctrl+C to shut down.
2025-04-24 19:11:07.7501|INFO|Microsoft.Hosting.Lifetime|Hosting environment: Production
2025-04-24 19:11:07.7501|INFO|Microsoft.Hosting.Lifetime|Content root path: /app
2025-04-24 19:11:26.9658|INFO|Microsoft.AspNetCore.Hosting.Diagnostics|Request starting HTTP/1.1 GET http://ws_container:8080/ws/sender - - -
2025-04-24 19:11:27.0123|INFO|Microsoft.AspNetCore.Hosting.Diagnostics|Request starting HTTP/1.1 GET http://ws_container:8080/ws/subscriber - - -
2025-04-24 19:11:27.0393|INFO|Microsoft.AspNetCore.Routing.EndpointMiddleware|Executing endpoint '/ws/subscriber'
2025-04-24 19:11:27.0393|INFO|Microsoft.AspNetCore.Routing.EndpointMiddleware|Executing endpoint '/ws/sender'
2025-04-24 19:12:57.6924|INFO|Microsoft.Hosting.Lifetime|Application is shutting down...
2025-04-24 19:12:57.7446|INFO|Microsoft.AspNetCore.Routing.EndpointMiddleware|Executed endpoint '/ws/sender'
2025-04-24 19:12:57.8415|INFO|Microsoft.AspNetCore.Hosting.Diagnostics|Request finished HTTP/1.1 GET http://ws_container:8080/ws/sender - 101 - - 90870.1273ms
2025-04-24 19:13:07.6724|INFO|Microsoft.AspNetCore.Routing.EndpointMiddleware|Executed endpoint '/ws/subscriber'
2025-04-24 19:13:07.6724|INFO|Microsoft.AspNetCore.Hosting.Diagnostics|Request finished HTTP/1.1 GET http://ws_container:8080/ws/subscriber - 101 - - 100663.7349ms
2025-04-24 19:17:53.0321|INFO|DatabaseService|Повторная попытка создать БД
2025-04-24 19:17:53.1503|INFO|DatabaseService|Таблица messages есть
2025-04-24 19:17:53.5440|INFO|Microsoft.Hosting.Lifetime|Now listening on: http://[::]:8080
2025-04-24 19:17:53.5440|INFO|Microsoft.Hosting.Lifetime|Application started. Press Ctrl+C to shut down.
2025-04-24 19:17:53.5440|INFO|Microsoft.Hosting.Lifetime|Hosting environment: Production
2025-04-24 19:17:53.5440|INFO|Microsoft.Hosting.Lifetime|Content root path: /app
2025-04-24 19:17:54.0086|INFO|Microsoft.AspNetCore.Hosting.Diagnostics|Request starting HTTP/1.1 GET http://ws_container:8080/ws/subscriber - - -
2025-04-24 19:17:54.0781|INFO|Microsoft.AspNetCore.Routing.EndpointMiddleware|Executing endpoint '/ws/subscriber'
2025-04-24 19:17:54.1430|INFO|Microsoft.AspNetCore.Hosting.Diagnostics|Request starting HTTP/1.1 GET http://ws_container:8080/ws/sender - - -
2025-04-24 19:17:54.1465|INFO|Microsoft.AspNetCore.Routing.EndpointMiddleware|Executing endpoint '/ws/sender'
2025-04-24 19:18:24.0318|INFO|Microsoft.AspNetCore.Hosting.Diagnostics|Request starting HTTP/1.1 POST http://ws_container:8080/api/Message/GetMessagesByDate - application/json;+charset=utf-8 83
2025-04-24 19:18:24.0336|INFO|Microsoft.AspNetCore.Routing.EndpointMiddleware|Executing endpoint 'Messenger.API.Controllers.MessageController.GetMessages (Messenger.API)'
2025-04-24 19:18:24.0549|INFO|Microsoft.AspNetCore.Mvc.Infrastructure.ControllerActionInvoker|Route matched with {action = "GetMessages", controller = "Message"}. Executing controller action with signature System.Threading.Tasks.Task`1[Microsoft.AspNetCore.Mvc.IActionResult] GetMessages(Messenger.Application.DTO.MessageFilterModel) on controller Messenger.API.Controllers.MessageController (Messenger.API).
2025-04-24 19:18:24.0936|INFO|Microsoft.AspNetCore.Mvc.Infrastructure.ControllerActionInvoker|Executing action method Messenger.API.Controllers.MessageController.GetMessages (Messenger.API) - Validation state: Valid
2025-04-24 19:18:24.0936|INFO|MessageController|Получили запрос на получение сообщений
2025-04-24 19:18:24.1286|INFO|Microsoft.AspNetCore.Mvc.Infrastructure.ControllerActionInvoker|Executed action method Messenger.API.Controllers.MessageController.GetMessages (Messenger.API), returned result Microsoft.AspNetCore.Mvc.OkObjectResult in 28.031ms.
2025-04-24 19:18:24.1337|INFO|Microsoft.AspNetCore.Mvc.Infrastructure.ObjectResultExecutor|Executing OkObjectResult, writing value of type 'System.Collections.Generic.List`1[[Messenger.Application.DTO.MessageDTO, Messenger.Application, Version=1.0.0.0, Culture=neutral, PublicKeyToken=null]]'.
2025-04-24 19:18:24.1540|INFO|Microsoft.AspNetCore.Mvc.Infrastructure.ControllerActionInvoker|Executed action Messenger.API.Controllers.MessageController.GetMessages (Messenger.API) in 91.4349ms
2025-04-24 19:18:24.1540|INFO|Microsoft.AspNetCore.Routing.EndpointMiddleware|Executed endpoint 'Messenger.API.Controllers.MessageController.GetMessages (Messenger.API)'
2025-04-24 19:18:24.1540|INFO|Microsoft.AspNetCore.Hosting.Diagnostics|Request finished HTTP/1.1 POST http://ws_container:8080/api/Message/GetMessagesByDate - 200 - application/json;+charset=utf-8 124.6789ms
2025-04-24 19:23:15.4910|INFO|Microsoft.AspNetCore.Routing.EndpointMiddleware|Executed endpoint '/ws/sender'
2025-04-24 19:23:15.5214|INFO|Microsoft.AspNetCore.Hosting.Diagnostics|Request finished HTTP/1.1 GET http://ws_container:8080/ws/sender - 101 - - 321399.0758ms
2025-04-24 19:23:25.4390|INFO|Microsoft.AspNetCore.Routing.EndpointMiddleware|Executed endpoint '/ws/subscriber'
2025-04-24 19:23:25.4390|INFO|Microsoft.AspNetCore.Hosting.Diagnostics|Request finished HTTP/1.1 GET http://ws_container:8080/ws/subscriber - 101 - - 331456.1561ms
2025-04-24 19:23:26.2262|INFO|Microsoft.Hosting.Lifetime|Application is shutting down...
2025-04-24 19:23:32.4101|INFO|DatabaseService|Повторная попытка создать БД
2025-04-24 19:23:32.7024|INFO|DatabaseService|Таблица messages есть
2025-04-24 19:23:33.2502|INFO|Microsoft.Hosting.Lifetime|Now listening on: http://[::]:8080
2025-04-24 19:23:33.2502|INFO|Microsoft.Hosting.Lifetime|Application started. Press Ctrl+C to shut down.
2025-04-24 19:23:33.2502|INFO|Microsoft.Hosting.Lifetime|Hosting environment: Production
2025-04-24 19:23:33.2502|INFO|Microsoft.Hosting.Lifetime|Content root path: /app
2025-04-24 19:23:33.9055|INFO|Microsoft.AspNetCore.Hosting.Diagnostics|Request starting HTTP/1.1 GET http://ws_container:8080/ws/subscriber - - -
2025-04-24 19:23:33.9055|INFO|Microsoft.AspNetCore.Hosting.Diagnostics|Request starting HTTP/1.1 GET http://ws_container:8080/ws/sender - - -
2025-04-24 19:23:34.0299|INFO|Microsoft.AspNetCore.Routing.EndpointMiddleware|Executing endpoint '/ws/sender'
2025-04-24 19:23:34.0446|INFO|Microsoft.AspNetCore.Routing.EndpointMiddleware|Executing endpoint '/ws/subscriber'
2025-04-24 19:23:42.0940|INFO|Microsoft.AspNetCore.Hosting.Diagnostics|Request starting HTTP/1.1 POST http://ws_container:8080/api/Message/GetMessagesByDate - application/json;+charset=utf-8 83
2025-04-24 19:23:42.0954|INFO|Microsoft.AspNetCore.Routing.EndpointMiddleware|Executing endpoint 'Messenger.API.Controllers.MessageController.GetMessages (Messenger.API)'
2025-04-24 19:23:42.1180|INFO|Microsoft.AspNetCore.Mvc.Infrastructure.ControllerActionInvoker|Route matched with {action = "GetMessages", controller = "Message"}. Executing controller action with signature System.Threading.Tasks.Task`1[Microsoft.AspNetCore.Mvc.IActionResult] GetMessages(Messenger.Application.DTO.MessageFilterModel) on controller Messenger.API.Controllers.MessageController (Messenger.API).
2025-04-24 19:23:42.1745|INFO|Microsoft.AspNetCore.Mvc.Infrastructure.ControllerActionInvoker|Executing action method Messenger.API.Controllers.MessageController.GetMessages (Messenger.API) - Validation state: Valid
2025-04-24 19:23:42.1845|INFO|MessageController|Получили запрос на получение сообщений
2025-04-24 19:23:42.2695|INFO|Microsoft.AspNetCore.Mvc.Infrastructure.ControllerActionInvoker|Executed action method Messenger.API.Controllers.MessageController.GetMessages (Messenger.API), returned result Microsoft.AspNetCore.Mvc.OkObjectResult in 79.5526ms.
2025-04-24 19:23:42.2754|INFO|Microsoft.AspNetCore.Mvc.Infrastructure.ObjectResultExecutor|Executing OkObjectResult, writing value of type 'System.Collections.Generic.List`1[[Messenger.Application.DTO.MessageDTO, Messenger.Application, Version=1.0.0.0, Culture=neutral, PublicKeyToken=null]]'.
2025-04-24 19:23:42.3065|INFO|Microsoft.AspNetCore.Mvc.Infrastructure.ControllerActionInvoker|Executed action Messenger.API.Controllers.MessageController.GetMessages (Messenger.API) in 181.7122ms
2025-04-24 19:23:42.3065|INFO|Microsoft.AspNetCore.Routing.EndpointMiddleware|Executed endpoint 'Messenger.API.Controllers.MessageController.GetMessages (Messenger.API)'
2025-04-24 19:23:42.3065|INFO|Microsoft.AspNetCore.Hosting.Diagnostics|Request finished HTTP/1.1 POST http://ws_container:8080/api/Message/GetMessagesByDate - 200 - application/json;+charset=utf-8 215.1865ms
2025-04-24 19:23:48.3580|INFO|Microsoft.AspNetCore.Hosting.Diagnostics|Request starting HTTP/1.1 POST http://ws_container:8080/api/Message/GetMessagesByDate - application/json;+charset=utf-8 83
2025-04-24 19:23:48.3580|INFO|Microsoft.AspNetCore.Routing.EndpointMiddleware|Executing endpoint 'Messenger.API.Controllers.MessageController.GetMessages (Messenger.API)'
2025-04-24 19:23:48.3580|INFO|Microsoft.AspNetCore.Mvc.Infrastructure.ControllerActionInvoker|Route matched with {action = "GetMessages", controller = "Message"}. Executing controller action with signature System.Threading.Tasks.Task`1[Microsoft.AspNetCore.Mvc.IActionResult] GetMessages(Messenger.Application.DTO.MessageFilterModel) on controller Messenger.API.Controllers.MessageController (Messenger.API).
2025-04-24 19:23:48.3580|INFO|Microsoft.AspNetCore.Mvc.Infrastructure.ControllerActionInvoker|Executing action method Messenger.API.Controllers.MessageController.GetMessages (Messenger.API) - Validation state: Valid
2025-04-24 19:23:48.3580|INFO|MessageController|Получили запрос на получение сообщений
2025-04-24 19:23:48.3649|INFO|Microsoft.AspNetCore.Mvc.Infrastructure.ControllerActionInvoker|Executed action method Messenger.API.Controllers.MessageController.GetMessages (Messenger.API), returned result Microsoft.AspNetCore.Mvc.OkObjectResult in 3.2878ms.
2025-04-24 19:23:48.3649|INFO|Microsoft.AspNetCore.Mvc.Infrastructure.ObjectResultExecutor|Executing OkObjectResult, writing value of type 'System.Collections.Generic.List`1[[Messenger.Application.DTO.MessageDTO, Messenger.Application, Version=1.0.0.0, Culture=neutral, PublicKeyToken=null]]'.
2025-04-24 19:23:48.3649|INFO|Microsoft.AspNetCore.Mvc.Infrastructure.ControllerActionInvoker|Executed action Messenger.API.Controllers.MessageController.GetMessages (Messenger.API) in 5.9988ms
2025-04-24 19:23:48.3649|INFO|Microsoft.AspNetCore.Routing.EndpointMiddleware|Executed endpoint 'Messenger.API.Controllers.MessageController.GetMessages (Messenger.API)'
2025-04-24 19:23:48.3649|INFO|Microsoft.AspNetCore.Hosting.Diagnostics|Request finished HTTP/1.1 POST http://ws_container:8080/api/Message/GetMessagesByDate - 200 - application/json;+charset=utf-8 8.3452ms
2025-04-24 19:23:49.2972|INFO|Microsoft.AspNetCore.Hosting.Diagnostics|Request starting HTTP/1.1 POST http://ws_container:8080/api/Message/GetMessagesByDate - application/json;+charset=utf-8 83
2025-04-24 19:23:49.2972|INFO|Microsoft.AspNetCore.Routing.EndpointMiddleware|Executing endpoint 'Messenger.API.Controllers.MessageController.GetMessages (Messenger.API)'
2025-04-24 19:23:49.2972|INFO|Microsoft.AspNetCore.Mvc.Infrastructure.ControllerActionInvoker|Route matched with {action = "GetMessages", controller = "Message"}. Executing controller action with signature System.Threading.Tasks.Task`1[Microsoft.AspNetCore.Mvc.IActionResult] GetMessages(Messenger.Application.DTO.MessageFilterModel) on controller Messenger.API.Controllers.MessageController (Messenger.API).
2025-04-24 19:23:49.2972|INFO|Microsoft.AspNetCore.Mvc.Infrastructure.ControllerActionInvoker|Executing action method Messenger.API.Controllers.MessageController.GetMessages (Messenger.API) - Validation state: Valid
2025-04-24 19:23:49.2972|INFO|MessageController|Получили запрос на получение сообщений
2025-04-24 19:23:49.2972|INFO|Microsoft.AspNetCore.Mvc.Infrastructure.ControllerActionInvoker|Executed action method Messenger.API.Controllers.MessageController.GetMessages (Messenger.API), returned result Microsoft.AspNetCore.Mvc.OkObjectResult in 1.1926ms.
2025-04-24 19:23:49.2972|INFO|Microsoft.AspNetCore.Mvc.Infrastructure.ObjectResultExecutor|Executing OkObjectResult, writing value of type 'System.Collections.Generic.List`1[[Messenger.Application.DTO.MessageDTO, Messenger.Application, Version=1.0.0.0, Culture=neutral, PublicKeyToken=null]]'.
2025-04-24 19:23:49.3023|INFO|Microsoft.AspNetCore.Mvc.Infrastructure.ControllerActionInvoker|Executed action Messenger.API.Controllers.MessageController.GetMessages (Messenger.API) in 3.5948ms
2025-04-24 19:23:49.3023|INFO|Microsoft.AspNetCore.Routing.EndpointMiddleware|Executed endpoint 'Messenger.API.Controllers.MessageController.GetMessages (Messenger.API)'
2025-04-24 19:23:49.3023|INFO|Microsoft.AspNetCore.Hosting.Diagnostics|Request finished HTTP/1.1 POST http://ws_container:8080/api/Message/GetMessagesByDate - 200 - application/json;+charset=utf-8 5.4741ms
2025-04-24 19:23:49.9188|INFO|Microsoft.AspNetCore.Hosting.Diagnostics|Request starting HTTP/1.1 POST http://ws_container:8080/api/Message/GetMessagesByDate - application/json;+charset=utf-8 83
2025-04-24 19:23:49.9188|INFO|Microsoft.AspNetCore.Routing.EndpointMiddleware|Executing endpoint 'Messenger.API.Controllers.MessageController.GetMessages (Messenger.API)'
2025-04-24 19:23:49.9188|INFO|Microsoft.AspNetCore.Mvc.Infrastructure.ControllerActionInvoker|Route matched with {action = "GetMessages", controller = "Message"}. Executing controller action with signature System.Threading.Tasks.Task`1[Microsoft.AspNetCore.Mvc.IActionResult] GetMessages(Messenger.Application.DTO.MessageFilterModel) on controller Messenger.API.Controllers.MessageController (Messenger.API).
2025-04-24 19:23:49.9188|INFO|Microsoft.AspNetCore.Mvc.Infrastructure.ControllerActionInvoker|Executing action method Messenger.API.Controllers.MessageController.GetMessages (Messenger.API) - Validation state: Valid
2025-04-24 19:23:49.9188|INFO|MessageController|Получили запрос на получение сообщений
2025-04-24 19:23:49.9188|INFO|Microsoft.AspNetCore.Mvc.Infrastructure.ControllerActionInvoker|Executed action method Messenger.API.Controllers.MessageController.GetMessages (Messenger.API), returned result Microsoft.AspNetCore.Mvc.OkObjectResult in 0.9687ms.
2025-04-24 19:23:49.9188|INFO|Microsoft.AspNetCore.Mvc.Infrastructure.ObjectResultExecutor|Executing OkObjectResult, writing value of type 'System.Collections.Generic.List`1[[Messenger.Application.DTO.MessageDTO, Messenger.Application, Version=1.0.0.0, Culture=neutral, PublicKeyToken=null]]'.
2025-04-24 19:23:49.9188|INFO|Microsoft.AspNetCore.Mvc.Infrastructure.ControllerActionInvoker|Executed action Messenger.API.Controllers.MessageController.GetMessages (Messenger.API) in 2.5227ms
2025-04-24 19:23:49.9188|INFO|Microsoft.AspNetCore.Routing.EndpointMiddleware|Executed endpoint 'Messenger.API.Controllers.MessageController.GetMessages (Messenger.API)'
2025-04-24 19:23:49.9224|INFO|Microsoft.AspNetCore.Hosting.Diagnostics|Request finished HTTP/1.1 POST http://ws_container:8080/api/Message/GetMessagesByDate - 200 - application/json;+charset=utf-8 3.6828ms
2025-04-24 19:23:51.4961|INFO|Microsoft.AspNetCore.Hosting.Diagnostics|Request starting HTTP/1.1 POST http://ws_container:8080/api/Message/GetMessagesByDate - application/json;+charset=utf-8 83
2025-04-24 19:23:51.4961|INFO|Microsoft.AspNetCore.Routing.EndpointMiddleware|Executing endpoint 'Messenger.API.Controllers.MessageController.GetMessages (Messenger.API)'
2025-04-24 19:23:51.4961|INFO|Microsoft.AspNetCore.Mvc.Infrastructure.ControllerActionInvoker|Route matched with {action = "GetMessages", controller = "Message"}. Executing controller action with signature System.Threading.Tasks.Task`1[Microsoft.AspNetCore.Mvc.IActionResult] GetMessages(Messenger.Application.DTO.MessageFilterModel) on controller Messenger.API.Controllers.MessageController (Messenger.API).
2025-04-24 19:23:51.4961|INFO|Microsoft.AspNetCore.Mvc.Infrastructure.ControllerActionInvoker|Executing action method Messenger.API.Controllers.MessageController.GetMessages (Messenger.API) - Validation state: Valid
2025-04-24 19:23:51.4961|INFO|MessageController|Получили запрос на получение сообщений
2025-04-24 19:23:51.4961|INFO|Microsoft.AspNetCore.Mvc.Infrastructure.ControllerActionInvoker|Executed action method Messenger.API.Controllers.MessageController.GetMessages (Messenger.API), returned result Microsoft.AspNetCore.Mvc.OkObjectResult in 1.1848ms.
2025-04-24 19:23:51.4961|INFO|Microsoft.AspNetCore.Mvc.Infrastructure.ObjectResultExecutor|Executing OkObjectResult, writing value of type 'System.Collections.Generic.List`1[[Messenger.Application.DTO.MessageDTO, Messenger.Application, Version=1.0.0.0, Culture=neutral, PublicKeyToken=null]]'.
2025-04-24 19:23:51.4961|INFO|Microsoft.AspNetCore.Mvc.Infrastructure.ControllerActionInvoker|Executed action Messenger.API.Controllers.MessageController.GetMessages (Messenger.API) in 2.2381ms
2025-04-24 19:23:51.4961|INFO|Microsoft.AspNetCore.Routing.EndpointMiddleware|Executed endpoint 'Messenger.API.Controllers.MessageController.GetMessages (Messenger.API)'
2025-04-24 19:23:51.4961|INFO|Microsoft.AspNetCore.Hosting.Diagnostics|Request finished HTTP/1.1 POST http://ws_container:8080/api/Message/GetMessagesByDate - 200 - application/json;+charset=utf-8 2.8853ms
2025-04-24 19:23:57.5189|INFO|Microsoft.AspNetCore.Hosting.Diagnostics|Request starting HTTP/1.1 POST http://ws_container:8080/api/Message/GetMessagesByDate - application/json;+charset=utf-8 83
2025-04-24 19:23:57.5189|INFO|Microsoft.AspNetCore.Routing.EndpointMiddleware|Executing endpoint 'Messenger.API.Controllers.MessageController.GetMessages (Messenger.API)'
2025-04-24 19:23:57.5189|INFO|Microsoft.AspNetCore.Mvc.Infrastructure.ControllerActionInvoker|Route matched with {action = "GetMessages", controller = "Message"}. Executing controller action with signature System.Threading.Tasks.Task`1[Microsoft.AspNetCore.Mvc.IActionResult] GetMessages(Messenger.Application.DTO.MessageFilterModel) on controller Messenger.API.Controllers.MessageController (Messenger.API).
2025-04-24 19:23:57.5189|INFO|Microsoft.AspNetCore.Mvc.Infrastructure.ControllerActionInvoker|Executing action method Messenger.API.Controllers.MessageController.GetMessages (Messenger.API) - Validation state: Valid
2025-04-24 19:23:57.5189|INFO|MessageController|Получили запрос на получение сообщений
2025-04-24 19:23:57.5189|INFO|Microsoft.AspNetCore.Mvc.Infrastructure.ControllerActionInvoker|Executed action method Messenger.API.Controllers.MessageController.GetMessages (Messenger.API), returned result Microsoft.AspNetCore.Mvc.OkObjectResult in 0.9668ms.
2025-04-24 19:23:57.5189|INFO|Microsoft.AspNetCore.Mvc.Infrastructure.ObjectResultExecutor|Executing OkObjectResult, writing value of type 'System.Collections.Generic.List`1[[Messenger.Application.DTO.MessageDTO, Messenger.Application, Version=1.0.0.0, Culture=neutral, PublicKeyToken=null]]'.
2025-04-24 19:23:57.5189|INFO|Microsoft.AspNetCore.Mvc.Infrastructure.ControllerActionInvoker|Executed action Messenger.API.Controllers.MessageController.GetMessages (Messenger.API) in 2.2053ms
2025-04-24 19:23:57.5189|INFO|Microsoft.AspNetCore.Routing.EndpointMiddleware|Executed endpoint 'Messenger.API.Controllers.MessageController.GetMessages (Messenger.API)'
2025-04-24 19:23:57.5189|INFO|Microsoft.AspNetCore.Hosting.Diagnostics|Request finished HTTP/1.1 POST http://ws_container:8080/api/Message/GetMessagesByDate - 200 - application/json;+charset=utf-8 3.0750ms
2025-04-24 19:24:04.7369|INFO|Microsoft.AspNetCore.Hosting.Diagnostics|Request starting HTTP/1.1 POST http://ws_container:8080/api/Message/GetMessagesByDate - application/json;+charset=utf-8 83
2025-04-24 19:24:04.7369|INFO|Microsoft.AspNetCore.Routing.EndpointMiddleware|Executing endpoint 'Messenger.API.Controllers.MessageController.GetMessages (Messenger.API)'
2025-04-24 19:24:04.7369|INFO|Microsoft.AspNetCore.Mvc.Infrastructure.ControllerActionInvoker|Route matched with {action = "GetMessages", controller = "Message"}. Executing controller action with signature System.Threading.Tasks.Task`1[Microsoft.AspNetCore.Mvc.IActionResult] GetMessages(Messenger.Application.DTO.MessageFilterModel) on controller Messenger.API.Controllers.MessageController (Messenger.API).
2025-04-24 19:24:04.7369|INFO|Microsoft.AspNetCore.Mvc.Infrastructure.ControllerActionInvoker|Executing action method Messenger.API.Controllers.MessageController.GetMessages (Messenger.API) - Validation state: Valid
2025-04-24 19:24:04.7369|INFO|MessageController|Получили запрос на получение сообщений
2025-04-24 19:24:04.7369|INFO|Microsoft.AspNetCore.Mvc.Infrastructure.ControllerActionInvoker|Executed action method Messenger.API.Controllers.MessageController.GetMessages (Messenger.API), returned result Microsoft.AspNetCore.Mvc.OkObjectResult in 1.1046ms.
2025-04-24 19:24:04.7369|INFO|Microsoft.AspNetCore.Mvc.Infrastructure.ObjectResultExecutor|Executing OkObjectResult, writing value of type 'System.Collections.Generic.List`1[[Messenger.Application.DTO.MessageDTO, Messenger.Application, Version=1.0.0.0, Culture=neutral, PublicKeyToken=null]]'.
2025-04-24 19:24:04.7369|INFO|Microsoft.AspNetCore.Mvc.Infrastructure.ControllerActionInvoker|Executed action Messenger.API.Controllers.MessageController.GetMessages (Messenger.API) in 2.4609ms
2025-04-24 19:24:04.7369|INFO|Microsoft.AspNetCore.Routing.EndpointMiddleware|Executed endpoint 'Messenger.API.Controllers.MessageController.GetMessages (Messenger.API)'
2025-04-24 19:24:04.7369|INFO|Microsoft.AspNetCore.Hosting.Diagnostics|Request finished HTTP/1.1 POST http://ws_container:8080/api/Message/GetMessagesByDate - 200 - application/json;+charset=utf-8 4.5253ms
2025-04-24 19:24:08.4628|INFO|Microsoft.AspNetCore.Hosting.Diagnostics|Request starting HTTP/1.1 POST http://ws_container:8080/api/Message/GetMessagesByDate - application/json;+charset=utf-8 83
2025-04-24 19:24:08.4628|INFO|Microsoft.AspNetCore.Routing.EndpointMiddleware|Executing endpoint 'Messenger.API.Controllers.MessageController.GetMessages (Messenger.API)'
2025-04-24 19:24:08.4628|INFO|Microsoft.AspNetCore.Mvc.Infrastructure.ControllerActionInvoker|Route matched with {action = "GetMessages", controller = "Message"}. Executing controller action with signature System.Threading.Tasks.Task`1[Microsoft.AspNetCore.Mvc.IActionResult] GetMessages(Messenger.Application.DTO.MessageFilterModel) on controller Messenger.API.Controllers.MessageController (Messenger.API).
2025-04-24 19:24:08.4628|INFO|Microsoft.AspNetCore.Mvc.Infrastructure.ControllerActionInvoker|Executing action method Messenger.API.Controllers.MessageController.GetMessages (Messenger.API) - Validation state: Valid
2025-04-24 19:24:08.4628|INFO|MessageController|Получили запрос на получение сообщений
2025-04-24 19:24:08.4628|INFO|Microsoft.AspNetCore.Mvc.Infrastructure.ControllerActionInvoker|Executed action method Messenger.API.Controllers.MessageController.GetMessages (Messenger.API), returned result Microsoft.AspNetCore.Mvc.OkObjectResult in 1.0378ms.
2025-04-24 19:24:08.4628|INFO|Microsoft.AspNetCore.Mvc.Infrastructure.ObjectResultExecutor|Executing OkObjectResult, writing value of type 'System.Collections.Generic.List`1[[Messenger.Application.DTO.MessageDTO, Messenger.Application, Version=1.0.0.0, Culture=neutral, PublicKeyToken=null]]'.
2025-04-24 19:24:08.4628|INFO|Microsoft.AspNetCore.Mvc.Infrastructure.ControllerActionInvoker|Executed action Messenger.API.Controllers.MessageController.GetMessages (Messenger.API) in 2.7179ms
2025-04-24 19:24:08.4628|INFO|Microsoft.AspNetCore.Routing.EndpointMiddleware|Executed endpoint 'Messenger.API.Controllers.MessageController.GetMessages (Messenger.API)'
2025-04-24 19:24:08.4628|INFO|Microsoft.AspNetCore.Hosting.Diagnostics|Request finished HTTP/1.1 POST http://ws_container:8080/api/Message/GetMessagesByDate - 200 - application/json;+charset=utf-8 4.5356ms
2025-04-24 19:24:10.4966|INFO|Microsoft.AspNetCore.Hosting.Diagnostics|Request starting HTTP/1.1 POST http://ws_container:8080/api/Message/GetMessagesByDate - application/json;+charset=utf-8 83
2025-04-24 19:24:10.4966|INFO|Microsoft.AspNetCore.Routing.EndpointMiddleware|Executing endpoint 'Messenger.API.Controllers.MessageController.GetMessages (Messenger.API)'
2025-04-24 19:24:10.4966|INFO|Microsoft.AspNetCore.Mvc.Infrastructure.ControllerActionInvoker|Route matched with {action = "GetMessages", controller = "Message"}. Executing controller action with signature System.Threading.Tasks.Task`1[Microsoft.AspNetCore.Mvc.IActionResult] GetMessages(Messenger.Application.DTO.MessageFilterModel) on controller Messenger.API.Controllers.MessageController (Messenger.API).
2025-04-24 19:24:10.4966|INFO|Microsoft.AspNetCore.Mvc.Infrastructure.ControllerActionInvoker|Executing action method Messenger.API.Controllers.MessageController.GetMessages (Messenger.API) - Validation state: Valid
2025-04-24 19:24:10.4966|INFO|MessageController|Получили запрос на получение сообщений
2025-04-24 19:24:10.4966|INFO|Microsoft.AspNetCore.Mvc.Infrastructure.ControllerActionInvoker|Executed action method Messenger.API.Controllers.MessageController.GetMessages (Messenger.API), returned result Microsoft.AspNetCore.Mvc.OkObjectResult in 0.8241ms.
2025-04-24 19:24:10.4966|INFO|Microsoft.AspNetCore.Mvc.Infrastructure.ObjectResultExecutor|Executing OkObjectResult, writing value of type 'System.Collections.Generic.List`1[[Messenger.Application.DTO.MessageDTO, Messenger.Application, Version=1.0.0.0, Culture=neutral, PublicKeyToken=null]]'.
2025-04-24 19:24:10.4966|INFO|Microsoft.AspNetCore.Mvc.Infrastructure.ControllerActionInvoker|Executed action Messenger.API.Controllers.MessageController.GetMessages (Messenger.API) in 1.7852ms
2025-04-24 19:24:10.4966|INFO|Microsoft.AspNetCore.Routing.EndpointMiddleware|Executed endpoint 'Messenger.API.Controllers.MessageController.GetMessages (Messenger.API)'
2025-04-24 19:24:10.4966|INFO|Microsoft.AspNetCore.Hosting.Diagnostics|Request finished HTTP/1.1 POST http://ws_container:8080/api/Message/GetMessagesByDate - 200 - application/json;+charset=utf-8 2.4367ms
2025-04-24 19:24:13.8506|INFO|Microsoft.AspNetCore.Hosting.Diagnostics|Request starting HTTP/1.1 POST http://ws_container:8080/api/Message/GetMessagesByDate - application/json;+charset=utf-8 83
2025-04-24 19:24:13.8506|INFO|Microsoft.AspNetCore.Routing.EndpointMiddleware|Executing endpoint 'Messenger.API.Controllers.MessageController.GetMessages (Messenger.API)'
2025-04-24 19:24:13.8506|INFO|Microsoft.AspNetCore.Mvc.Infrastructure.ControllerActionInvoker|Route matched with {action = "GetMessages", controller = "Message"}. Executing controller action with signature System.Threading.Tasks.Task`1[Microsoft.AspNetCore.Mvc.IActionResult] GetMessages(Messenger.Application.DTO.MessageFilterModel) on controller Messenger.API.Controllers.MessageController (Messenger.API).
2025-04-24 19:24:13.8506|INFO|Microsoft.AspNetCore.Mvc.Infrastructure.ControllerActionInvoker|Executing action method Messenger.API.Controllers.MessageController.GetMessages (Messenger.API) - Validation state: Valid
2025-04-24 19:24:13.8506|INFO|MessageController|Получили запрос на получение сообщений
2025-04-24 19:24:13.8506|INFO|Microsoft.AspNetCore.Mvc.Infrastructure.ControllerActionInvoker|Executed action method Messenger.API.Controllers.MessageController.GetMessages (Messenger.API), returned result Microsoft.AspNetCore.Mvc.OkObjectResult in 1.6565ms.
2025-04-24 19:24:13.8506|INFO|Microsoft.AspNetCore.Mvc.Infrastructure.ObjectResultExecutor|Executing OkObjectResult, writing value of type 'System.Collections.Generic.List`1[[Messenger.Application.DTO.MessageDTO, Messenger.Application, Version=1.0.0.0, Culture=neutral, PublicKeyToken=null]]'.
2025-04-24 19:24:13.8506|INFO|Microsoft.AspNetCore.Mvc.Infrastructure.ControllerActionInvoker|Executed action Messenger.API.Controllers.MessageController.GetMessages (Messenger.API) in 2.8138ms
2025-04-24 19:24:13.8506|INFO|Microsoft.AspNetCore.Routing.EndpointMiddleware|Executed endpoint 'Messenger.API.Controllers.MessageController.GetMessages (Messenger.API)'
2025-04-24 19:24:13.8506|INFO|Microsoft.AspNetCore.Hosting.Diagnostics|Request finished HTTP/1.1 POST http://ws_container:8080/api/Message/GetMessagesByDate - 200 - application/json;+charset=utf-8 3.6315ms
2025-04-24 19:25:03.6232|INFO|Microsoft.AspNetCore.Hosting.Diagnostics|Request starting HTTP/1.1 POST http://ws_container:8080/api/Message/GetMessagesByDate - application/json;+charset=utf-8 83
2025-04-24 19:25:03.6232|INFO|Microsoft.AspNetCore.Routing.EndpointMiddleware|Executing endpoint 'Messenger.API.Controllers.MessageController.GetMessages (Messenger.API)'
2025-04-24 19:25:03.6232|INFO|Microsoft.AspNetCore.Mvc.Infrastructure.ControllerActionInvoker|Route matched with {action = "GetMessages", controller = "Message"}. Executing controller action with signature System.Threading.Tasks.Task`1[Microsoft.AspNetCore.Mvc.IActionResult] GetMessages(Messenger.Application.DTO.MessageFilterModel) on controller Messenger.API.Controllers.MessageController (Messenger.API).
2025-04-24 19:25:03.6232|INFO|Microsoft.AspNetCore.Mvc.Infrastructure.ControllerActionInvoker|Executing action method Messenger.API.Controllers.MessageController.GetMessages (Messenger.API) - Validation state: Valid
2025-04-24 19:25:03.6232|INFO|MessageController|Получили запрос на получение сообщений
2025-04-24 19:25:03.6232|INFO|Microsoft.AspNetCore.Mvc.Infrastructure.ControllerActionInvoker|Executed action method Messenger.API.Controllers.MessageController.GetMessages (Messenger.API), returned result Microsoft.AspNetCore.Mvc.OkObjectResult in 0.8959ms.
2025-04-24 19:25:03.6232|INFO|Microsoft.AspNetCore.Mvc.Infrastructure.ObjectResultExecutor|Executing OkObjectResult, writing value of type 'System.Collections.Generic.List`1[[Messenger.Application.DTO.MessageDTO, Messenger.Application, Version=1.0.0.0, Culture=neutral, PublicKeyToken=null]]'.
2025-04-24 19:25:03.6232|INFO|Microsoft.AspNetCore.Mvc.Infrastructure.ControllerActionInvoker|Executed action Messenger.API.Controllers.MessageController.GetMessages (Messenger.API) in 1.8152ms
2025-04-24 19:25:03.6232|INFO|Microsoft.AspNetCore.Routing.EndpointMiddleware|Executed endpoint 'Messenger.API.Controllers.MessageController.GetMessages (Messenger.API)'
2025-04-24 19:25:03.6232|INFO|Microsoft.AspNetCore.Hosting.Diagnostics|Request finished HTTP/1.1 POST http://ws_container:8080/api/Message/GetMessagesByDate - 200 - application/json;+charset=utf-8 2.4959ms
2025-04-24 19:25:06.3572|INFO|Microsoft.AspNetCore.Hosting.Diagnostics|Request starting HTTP/1.1 POST http://ws_container:8080/api/Message/GetMessagesByDate - application/json;+charset=utf-8 83
2025-04-24 19:25:06.3576|INFO|Microsoft.AspNetCore.Routing.EndpointMiddleware|Executing endpoint 'Messenger.API.Controllers.MessageController.GetMessages (Messenger.API)'
2025-04-24 19:25:06.3576|INFO|Microsoft.AspNetCore.Mvc.Infrastructure.ControllerActionInvoker|Route matched with {action = "GetMessages", controller = "Message"}. Executing controller action with signature System.Threading.Tasks.Task`1[Microsoft.AspNetCore.Mvc.IActionResult] GetMessages(Messenger.Application.DTO.MessageFilterModel) on controller Messenger.API.Controllers.MessageController (Messenger.API).
2025-04-24 19:25:06.3576|INFO|Microsoft.AspNetCore.Mvc.Infrastructure.ControllerActionInvoker|Executing action method Messenger.API.Controllers.MessageController.GetMessages (Messenger.API) - Validation state: Valid
2025-04-24 19:25:06.3576|INFO|MessageController|Получили запрос на получение сообщений
2025-04-24 19:25:06.3576|INFO|Microsoft.AspNetCore.Mvc.Infrastructure.ControllerActionInvoker|Executed action method Messenger.API.Controllers.MessageController.GetMessages (Messenger.API), returned result Microsoft.AspNetCore.Mvc.OkObjectResult in 1.0726ms.
2025-04-24 19:25:06.3576|INFO|Microsoft.AspNetCore.Mvc.Infrastructure.ObjectResultExecutor|Executing OkObjectResult, writing value of type 'System.Collections.Generic.List`1[[Messenger.Application.DTO.MessageDTO, Messenger.Application, Version=1.0.0.0, Culture=neutral, PublicKeyToken=null]]'.
2025-04-24 19:25:06.3576|INFO|Microsoft.AspNetCore.Mvc.Infrastructure.ControllerActionInvoker|Executed action Messenger.API.Controllers.MessageController.GetMessages (Messenger.API) in 2.285ms
2025-04-24 19:25:06.3576|INFO|Microsoft.AspNetCore.Routing.EndpointMiddleware|Executed endpoint 'Messenger.API.Controllers.MessageController.GetMessages (Messenger.API)'
2025-04-24 19:25:06.3576|INFO|Microsoft.AspNetCore.Hosting.Diagnostics|Request finished HTTP/1.1 POST http://ws_container:8080/api/Message/GetMessagesByDate - 200 - application/json;+charset=utf-8 3.3994ms
2025-04-24 19:25:06.9863|INFO|Microsoft.AspNetCore.Hosting.Diagnostics|Request starting HTTP/1.1 POST http://ws_container:8080/api/Message/GetMessagesByDate - application/json;+charset=utf-8 83
2025-04-24 19:25:06.9863|INFO|Microsoft.AspNetCore.Routing.EndpointMiddleware|Executing endpoint 'Messenger.API.Controllers.MessageController.GetMessages (Messenger.API)'
2025-04-24 19:25:06.9863|INFO|Microsoft.AspNetCore.Mvc.Infrastructure.ControllerActionInvoker|Route matched with {action = "GetMessages", controller = "Message"}. Executing controller action with signature System.Threading.Tasks.Task`1[Microsoft.AspNetCore.Mvc.IActionResult] GetMessages(Messenger.Application.DTO.MessageFilterModel) on controller Messenger.API.Controllers.MessageController (Messenger.API).
2025-04-24 19:25:06.9875|INFO|Microsoft.AspNetCore.Mvc.Infrastructure.ControllerActionInvoker|Executing action method Messenger.API.Controllers.MessageController.GetMessages (Messenger.API) - Validation state: Valid
2025-04-24 19:25:06.9875|INFO|MessageController|Получили запрос на получение сообщений
2025-04-24 19:25:06.9875|INFO|Microsoft.AspNetCore.Mvc.Infrastructure.ControllerActionInvoker|Executed action method Messenger.API.Controllers.MessageController.GetMessages (Messenger.API), returned result Microsoft.AspNetCore.Mvc.OkObjectResult in 1.0439ms.
2025-04-24 19:25:06.9875|INFO|Microsoft.AspNetCore.Mvc.Infrastructure.ObjectResultExecutor|Executing OkObjectResult, writing value of type 'System.Collections.Generic.List`1[[Messenger.Application.DTO.MessageDTO, Messenger.Application, Version=1.0.0.0, Culture=neutral, PublicKeyToken=null]]'.
2025-04-24 19:25:06.9875|INFO|Microsoft.AspNetCore.Mvc.Infrastructure.ControllerActionInvoker|Executed action Messenger.API.Controllers.MessageController.GetMessages (Messenger.API) in 2.9389ms
2025-04-24 19:25:06.9875|INFO|Microsoft.AspNetCore.Routing.EndpointMiddleware|Executed endpoint 'Messenger.API.Controllers.MessageController.GetMessages (Messenger.API)'
2025-04-24 19:25:06.9875|INFO|Microsoft.AspNetCore.Hosting.Diagnostics|Request finished HTTP/1.1 POST http://ws_container:8080/api/Message/GetMessagesByDate - 200 - application/json;+charset=utf-8 3.5879ms
2025-04-24 19:25:07.1708|INFO|Microsoft.AspNetCore.Hosting.Diagnostics|Request starting HTTP/1.1 POST http://ws_container:8080/api/Message/GetMessagesByDate - application/json;+charset=utf-8 81
2025-04-24 19:25:07.1708|INFO|Microsoft.AspNetCore.Routing.EndpointMiddleware|Executing endpoint 'Messenger.API.Controllers.MessageController.GetMessages (Messenger.API)'
2025-04-24 19:25:07.1708|INFO|Microsoft.AspNetCore.Mvc.Infrastructure.ControllerActionInvoker|Route matched with {action = "GetMessages", controller = "Message"}. Executing controller action with signature System.Threading.Tasks.Task`1[Microsoft.AspNetCore.Mvc.IActionResult] GetMessages(Messenger.Application.DTO.MessageFilterModel) on controller Messenger.API.Controllers.MessageController (Messenger.API).
2025-04-24 19:25:07.1708|INFO|Microsoft.AspNetCore.Mvc.Infrastructure.ControllerActionInvoker|Executing action method Messenger.API.Controllers.MessageController.GetMessages (Messenger.API) - Validation state: Valid
2025-04-24 19:25:07.1708|INFO|MessageController|Получили запрос на получение сообщений
2025-04-24 19:25:07.1708|INFO|Microsoft.AspNetCore.Mvc.Infrastructure.ControllerActionInvoker|Executed action method Messenger.API.Controllers.MessageController.GetMessages (Messenger.API), returned result Microsoft.AspNetCore.Mvc.OkObjectResult in 1.1622ms.
2025-04-24 19:25:07.1708|INFO|Microsoft.AspNetCore.Mvc.Infrastructure.ObjectResultExecutor|Executing OkObjectResult, writing value of type 'System.Collections.Generic.List`1[[Messenger.Application.DTO.MessageDTO, Messenger.Application, Version=1.0.0.0, Culture=neutral, PublicKeyToken=null]]'.
2025-04-24 19:25:07.1708|INFO|Microsoft.AspNetCore.Mvc.Infrastructure.ControllerActionInvoker|Executed action Messenger.API.Controllers.MessageController.GetMessages (Messenger.API) in 2.4678ms
2025-04-24 19:25:07.1708|INFO|Microsoft.AspNetCore.Routing.EndpointMiddleware|Executed endpoint 'Messenger.API.Controllers.MessageController.GetMessages (Messenger.API)'
2025-04-24 19:25:07.1708|INFO|Microsoft.AspNetCore.Hosting.Diagnostics|Request finished HTTP/1.1 POST http://ws_container:8080/api/Message/GetMessagesByDate - 200 - application/json;+charset=utf-8 3.3419ms
2025-04-24 19:25:07.3559|INFO|Microsoft.AspNetCore.Hosting.Diagnostics|Request starting HTTP/1.1 POST http://ws_container:8080/api/Message/GetMessagesByDate - application/json;+charset=utf-8 83
2025-04-24 19:25:07.3559|INFO|Microsoft.AspNetCore.Routing.EndpointMiddleware|Executing endpoint 'Messenger.API.Controllers.MessageController.GetMessages (Messenger.API)'
2025-04-24 19:25:07.3559|INFO|Microsoft.AspNetCore.Mvc.Infrastructure.ControllerActionInvoker|Route matched with {action = "GetMessages", controller = "Message"}. Executing controller action with signature System.Threading.Tasks.Task`1[Microsoft.AspNetCore.Mvc.IActionResult] GetMessages(Messenger.Application.DTO.MessageFilterModel) on controller Messenger.API.Controllers.MessageController (Messenger.API).
2025-04-24 19:25:07.3559|INFO|Microsoft.AspNetCore.Mvc.Infrastructure.ControllerActionInvoker|Executing action method Messenger.API.Controllers.MessageController.GetMessages (Messenger.API) - Validation state: Valid
2025-04-24 19:25:07.3559|INFO|MessageController|Получили запрос на получение сообщений
2025-04-24 19:25:07.3585|INFO|Microsoft.AspNetCore.Mvc.Infrastructure.ControllerActionInvoker|Executed action method Messenger.API.Controllers.MessageController.GetMessages (Messenger.API), returned result Microsoft.AspNetCore.Mvc.OkObjectResult in 0.9919ms.
2025-04-24 19:25:07.3585|INFO|Microsoft.AspNetCore.Mvc.Infrastructure.ObjectResultExecutor|Executing OkObjectResult, writing value of type 'System.Collections.Generic.List`1[[Messenger.Application.DTO.MessageDTO, Messenger.Application, Version=1.0.0.0, Culture=neutral, PublicKeyToken=null]]'.
2025-04-24 19:25:07.3585|INFO|Microsoft.AspNetCore.Mvc.Infrastructure.ControllerActionInvoker|Executed action Messenger.API.Controllers.MessageController.GetMessages (Messenger.API) in 2.183ms
2025-04-24 19:25:07.3585|INFO|Microsoft.AspNetCore.Routing.EndpointMiddleware|Executed endpoint 'Messenger.API.Controllers.MessageController.GetMessages (Messenger.API)'
2025-04-24 19:25:07.3585|INFO|Microsoft.AspNetCore.Hosting.Diagnostics|Request finished HTTP/1.1 POST http://ws_container:8080/api/Message/GetMessagesByDate - 200 - application/json;+charset=utf-8 3.1392ms
2025-04-24 19:25:19.2725|INFO|Microsoft.AspNetCore.Hosting.Diagnostics|Request starting HTTP/1.1 POST http://ws_container:8080/api/Message/GetMessagesByDate - application/json;+charset=utf-8 83
2025-04-24 19:25:19.2725|INFO|Microsoft.AspNetCore.Routing.EndpointMiddleware|Executing endpoint 'Messenger.API.Controllers.MessageController.GetMessages (Messenger.API)'
2025-04-24 19:25:19.2725|INFO|Microsoft.AspNetCore.Mvc.Infrastructure.ControllerActionInvoker|Route matched with {action = "GetMessages", controller = "Message"}. Executing controller action with signature System.Threading.Tasks.Task`1[Microsoft.AspNetCore.Mvc.IActionResult] GetMessages(Messenger.Application.DTO.MessageFilterModel) on controller Messenger.API.Controllers.MessageController (Messenger.API).
2025-04-24 19:25:19.2725|INFO|Microsoft.AspNetCore.Mvc.Infrastructure.ControllerActionInvoker|Executing action method Messenger.API.Controllers.MessageController.GetMessages (Messenger.API) - Validation state: Valid
2025-04-24 19:25:19.2725|INFO|MessageController|Получили запрос на получение сообщений
2025-04-24 19:25:19.2725|INFO|Microsoft.AspNetCore.Mvc.Infrastructure.ControllerActionInvoker|Executed action method Messenger.API.Controllers.MessageController.GetMessages (Messenger.API), returned result Microsoft.AspNetCore.Mvc.OkObjectResult in 0.8701ms.
2025-04-24 19:25:19.2725|INFO|Microsoft.AspNetCore.Mvc.Infrastructure.ObjectResultExecutor|Executing OkObjectResult, writing value of type 'System.Collections.Generic.List`1[[Messenger.Application.DTO.MessageDTO, Messenger.Application, Version=1.0.0.0, Culture=neutral, PublicKeyToken=null]]'.
2025-04-24 19:25:19.2725|INFO|Microsoft.AspNetCore.Mvc.Infrastructure.ControllerActionInvoker|Executed action Messenger.API.Controllers.MessageController.GetMessages (Messenger.API) in 1.7978ms
2025-04-24 19:25:19.2725|INFO|Microsoft.AspNetCore.Routing.EndpointMiddleware|Executed endpoint 'Messenger.API.Controllers.MessageController.GetMessages (Messenger.API)'
2025-04-24 19:25:19.2725|INFO|Microsoft.AspNetCore.Hosting.Diagnostics|Request finished HTTP/1.1 POST http://ws_container:8080/api/Message/GetMessagesByDate - 200 - application/json;+charset=utf-8 2.4178ms
2025-04-24 19:28:06.8769|INFO|Microsoft.AspNetCore.Hosting.Diagnostics|Request starting HTTP/1.1 POST http://ws_container:8080/api/Message/GetMessagesByDate - application/json;+charset=utf-8 81
2025-04-24 19:28:06.8769|INFO|Microsoft.AspNetCore.Routing.EndpointMiddleware|Executing endpoint 'Messenger.API.Controllers.MessageController.GetMessages (Messenger.API)'
2025-04-24 19:28:06.8769|INFO|Microsoft.AspNetCore.Mvc.Infrastructure.ControllerActionInvoker|Route matched with {action = "GetMessages", controller = "Message"}. Executing controller action with signature System.Threading.Tasks.Task`1[Microsoft.AspNetCore.Mvc.IActionResult] GetMessages(Messenger.Application.DTO.MessageFilterModel) on controller Messenger.API.Controllers.MessageController (Messenger.API).
2025-04-24 19:28:06.8769|INFO|Microsoft.AspNetCore.Mvc.Infrastructure.ControllerActionInvoker|Executing action method Messenger.API.Controllers.MessageController.GetMessages (Messenger.API) - Validation state: Valid
2025-04-24 19:28:06.8769|INFO|MessageController|Получили запрос на получение сообщений
2025-04-24 19:28:06.8769|INFO|Microsoft.AspNetCore.Mvc.Infrastructure.ControllerActionInvoker|Executed action method Messenger.API.Controllers.MessageController.GetMessages (Messenger.API), returned result Microsoft.AspNetCore.Mvc.OkObjectResult in 1.0182ms.
2025-04-24 19:28:06.8769|INFO|Microsoft.AspNetCore.Mvc.Infrastructure.ObjectResultExecutor|Executing OkObjectResult, writing value of type 'System.Collections.Generic.List`1[[Messenger.Application.DTO.MessageDTO, Messenger.Application, Version=1.0.0.0, Culture=neutral, PublicKeyToken=null]]'.
2025-04-24 19:28:06.8769|INFO|Microsoft.AspNetCore.Mvc.Infrastructure.ControllerActionInvoker|Executed action Messenger.API.Controllers.MessageController.GetMessages (Messenger.API) in 2.1021ms
2025-04-24 19:28:06.8769|INFO|Microsoft.AspNetCore.Routing.EndpointMiddleware|Executed endpoint 'Messenger.API.Controllers.MessageController.GetMessages (Messenger.API)'
2025-04-24 19:28:06.8769|INFO|Microsoft.AspNetCore.Hosting.Diagnostics|Request finished HTTP/1.1 POST http://ws_container:8080/api/Message/GetMessagesByDate - 200 - application/json;+charset=utf-8 2.8473ms
2025-04-24 19:28:11.1064|INFO|Microsoft.AspNetCore.Hosting.Diagnostics|Request starting HTTP/1.1 POST http://ws_container:8080/api/Message/GetMessagesByDate - application/json;+charset=utf-8 83
2025-04-24 19:28:11.1064|INFO|Microsoft.AspNetCore.Routing.EndpointMiddleware|Executing endpoint 'Messenger.API.Controllers.MessageController.GetMessages (Messenger.API)'
2025-04-24 19:28:11.1064|INFO|Microsoft.AspNetCore.Mvc.Infrastructure.ControllerActionInvoker|Route matched with {action = "GetMessages", controller = "Message"}. Executing controller action with signature System.Threading.Tasks.Task`1[Microsoft.AspNetCore.Mvc.IActionResult] GetMessages(Messenger.Application.DTO.MessageFilterModel) on controller Messenger.API.Controllers.MessageController (Messenger.API).
2025-04-24 19:28:11.1064|INFO|Microsoft.AspNetCore.Mvc.Infrastructure.ControllerActionInvoker|Executing action method Messenger.API.Controllers.MessageController.GetMessages (Messenger.API) - Validation state: Valid
2025-04-24 19:28:11.1064|INFO|MessageController|Получили запрос на получение сообщений
2025-04-24 19:28:11.1064|INFO|Microsoft.AspNetCore.Mvc.Infrastructure.ControllerActionInvoker|Executed action method Messenger.API.Controllers.MessageController.GetMessages (Messenger.API), returned result Microsoft.AspNetCore.Mvc.OkObjectResult in 0.9378ms.
2025-04-24 19:28:11.1064|INFO|Microsoft.AspNetCore.Mvc.Infrastructure.ObjectResultExecutor|Executing OkObjectResult, writing value of type 'System.Collections.Generic.List`1[[Messenger.Application.DTO.MessageDTO, Messenger.Application, Version=1.0.0.0, Culture=neutral, PublicKeyToken=null]]'.
2025-04-24 19:28:11.1064|INFO|Microsoft.AspNetCore.Mvc.Infrastructure.ControllerActionInvoker|Executed action Messenger.API.Controllers.MessageController.GetMessages (Messenger.API) in 1.9681ms
2025-04-24 19:28:11.1064|INFO|Microsoft.AspNetCore.Routing.EndpointMiddleware|Executed endpoint 'Messenger.API.Controllers.MessageController.GetMessages (Messenger.API)'
2025-04-24 19:28:11.1064|INFO|Microsoft.AspNetCore.Hosting.Diagnostics|Request finished HTTP/1.1 POST http://ws_container:8080/api/Message/GetMessagesByDate - 200 - application/json;+charset=utf-8 2.7978ms
2025-04-24 19:29:01.7113|INFO|Microsoft.AspNetCore.Routing.EndpointMiddleware|Executed endpoint '/ws/sender'
2025-04-24 19:29:01.7520|INFO|Microsoft.AspNetCore.Hosting.Diagnostics|Request finished HTTP/1.1 GET http://ws_container:8080/ws/sender - 101 - - 327873.5460ms
2025-04-24 19:29:11.6247|INFO|Microsoft.AspNetCore.Routing.EndpointMiddleware|Executed endpoint '/ws/subscriber'
2025-04-24 19:29:11.6247|INFO|Microsoft.AspNetCore.Hosting.Diagnostics|Request finished HTTP/1.1 GET http://ws_container:8080/ws/subscriber - 101 - - 337747.8079ms
2025-04-24 19:29:12.2207|INFO|Microsoft.Hosting.Lifetime|Application is shutting down...
2025-04-24 19:35:03.8147|INFO|DatabaseService|Повторная попытка создать БД
2025-04-24 19:35:03.8547|INFO|DatabaseService|Таблица messages есть
2025-04-24 19:35:04.2282|INFO|Microsoft.Hosting.Lifetime|Now listening on: http://[::]:8080
2025-04-24 19:35:04.2282|INFO|Microsoft.Hosting.Lifetime|Application started. Press Ctrl+C to shut down.
2025-04-24 19:35:04.2282|INFO|Microsoft.Hosting.Lifetime|Hosting environment: Production
2025-04-24 19:35:04.2282|INFO|Microsoft.Hosting.Lifetime|Content root path: /app
2025-04-24 19:35:05.2519|INFO|Microsoft.AspNetCore.Hosting.Diagnostics|Request starting HTTP/1.1 GET http://ws_container:8080/ws/sender - - -
2025-04-24 19:35:05.4258|INFO|Microsoft.AspNetCore.Routing.EndpointMiddleware|Executing endpoint '/ws/sender'
2025-04-24 19:35:05.6152|INFO|Microsoft.AspNetCore.Hosting.Diagnostics|Request starting HTTP/1.1 GET http://ws_container:8080/ws/subscriber - - -
2025-04-24 19:35:05.6152|INFO|Microsoft.AspNetCore.Routing.EndpointMiddleware|Executing endpoint '/ws/subscriber'
2025-04-24 19:35:26.1771|INFO|Microsoft.AspNetCore.Hosting.Diagnostics|Request starting HTTP/1.1 POST http://ws_container:8080/api/Message/GetMessagesByDate - application/json;+charset=utf-8 83
2025-04-24 19:35:26.1815|INFO|Microsoft.AspNetCore.Routing.EndpointMiddleware|Executing endpoint 'Messenger.API.Controllers.MessageController.GetMessages (Messenger.API)'
2025-04-24 19:35:26.1999|INFO|Microsoft.AspNetCore.Mvc.Infrastructure.ControllerActionInvoker|Route matched with {action = "GetMessages", controller = "Message"}. Executing controller action with signature System.Threading.Tasks.Task`1[Microsoft.AspNetCore.Mvc.IActionResult] GetMessages(Messenger.Application.DTO.MessageFilterModel) on controller Messenger.API.Controllers.MessageController (Messenger.API).
2025-04-24 19:35:26.2321|INFO|Microsoft.AspNetCore.Mvc.Infrastructure.ControllerActionInvoker|Executing action method Messenger.API.Controllers.MessageController.GetMessages (Messenger.API) - Validation state: Valid
2025-04-24 19:35:26.2416|INFO|MessageController|Получили запрос на получение сообщений
2025-04-24 19:35:26.2722|INFO|Microsoft.AspNetCore.Mvc.Infrastructure.ControllerActionInvoker|Executed action method Messenger.API.Controllers.MessageController.GetMessages (Messenger.API), returned result Microsoft.AspNetCore.Mvc.OkObjectResult in 25.6448ms.
2025-04-24 19:35:26.2722|INFO|Microsoft.AspNetCore.Mvc.Infrastructure.ObjectResultExecutor|Executing OkObjectResult, writing value of type 'System.Collections.Generic.List`1[[Messenger.Application.DTO.MessageDTO, Messenger.Application, Version=1.0.0.0, Culture=neutral, PublicKeyToken=null]]'.
2025-04-24 19:35:26.2941|INFO|Microsoft.AspNetCore.Mvc.Infrastructure.ControllerActionInvoker|Executed action Messenger.API.Controllers.MessageController.GetMessages (Messenger.API) in 91.179ms
2025-04-24 19:35:26.2941|INFO|Microsoft.AspNetCore.Routing.EndpointMiddleware|Executed endpoint 'Messenger.API.Controllers.MessageController.GetMessages (Messenger.API)'
2025-04-24 19:35:26.3022|INFO|Microsoft.AspNetCore.Hosting.Diagnostics|Request finished HTTP/1.1 POST http://ws_container:8080/api/Message/GetMessagesByDate - 200 - application/json;+charset=utf-8 125.8548ms
2025-04-24 19:36:28.0379|INFO|Microsoft.AspNetCore.Routing.EndpointMiddleware|Executed endpoint '/ws/sender'
2025-04-24 19:36:28.0827|INFO|Microsoft.AspNetCore.Hosting.Diagnostics|Request finished HTTP/1.1 GET http://ws_container:8080/ws/sender - 101 - - 82838.5257ms
2025-04-24 19:36:38.0356|INFO|Microsoft.AspNetCore.Routing.EndpointMiddleware|Executed endpoint '/ws/subscriber'
2025-04-24 19:36:38.0376|INFO|Microsoft.AspNetCore.Hosting.Diagnostics|Request finished HTTP/1.1 GET http://ws_container:8080/ws/subscriber - 101 - - 92430.0881ms
2025-04-24 19:36:38.5665|INFO|Microsoft.Hosting.Lifetime|Application is shutting down...
